<?xml version="1.0" encoding="UTF-8"?>
<!-- Generated by org.testng.reporters.JUnitXMLReporter -->
<testsuite ignored="6" hostname="LAPTOP-8OG7RLSC" failures="1" tests="2" name="Sanity test Run" time="24.882" errors="0" timestamp="13 Oct 2023 02:03:55 GMT">
  <testcase classname="com.sevenrmartsupermarket.tests.AdminUserTest" name="verifyDeleteUser" time="4.477">
    <failure type="java.lang.AssertionError" message="The following asserts failed:
	Edited username not found , Edit function failed expected [true] but found [false]">
      <![CDATA[java.lang.AssertionError: The following asserts failed:
	Edited username not found , Edit function failed expected [true] but found [false]
	at com.sevenrmartsupermarket.tests.AdminUserTest.verifyDeleteUser(AdminUserTest.java:109)
	at java.base/java.util.concurrent.FutureTask.run(FutureTask.java:264)
	at java.base/java.util.concurrent.ThreadPoolExecutor.runWorker(ThreadPoolExecutor.java:1136)
	at java.base/java.util.concurrent.ThreadPoolExecutor$Worker.run(ThreadPoolExecutor.java:635)
	at java.base/java.lang.Thread.run(Thread.java:833)
... Removed 17 stack frames]]>
    </failure>
  </testcase> <!-- verifyDeleteUser -->
  <testcase classname="com.sevenrmartsupermarket.tests.PushNotificationsTest" name="verifyPushNotificationSuccessMsg" time="4.973"/>
  <testcase classname="com.sevenrmartsupermarket.tests.AdminUserTest" name="verifyUserSearch" time="0.0">
    <ignored/>
  </testcase> <!-- verifyUserSearch -->
  <testcase classname="com.sevenrmartsupermarket.tests.AdminUserTest" name="verifyReset" time="0.0">
    <ignored/>
  </testcase> <!-- verifyReset -->
  <testcase classname="com.sevenrmartsupermarket.tests.AdminUserTest" name="verifyUserDeactivation" time="0.0">
    <ignored/>
  </testcase> <!-- verifyUserDeactivation -->
  <testcase classname="com.sevenrmartsupermarket.tests.AdminUserTest" name="verifyEditUserName" time="0.0">
    <ignored/>
  </testcase> <!-- verifyEditUserName -->
  <testcase classname="com.sevenrmartsupermarket.tests.AdminUserTest" name="verifyUserActivation" time="0.0">
    <ignored/>
  </testcase> <!-- verifyUserActivation -->
  <testcase classname="com.sevenrmartsupermarket.tests.AdminUserTest" name="verifyAdminUserCreation" time="0.0">
    <ignored/>
  </testcase> <!-- verifyAdminUserCreation -->
</testsuite> <!-- Sanity test Run -->
